[debug] > Exec(early(addDefaultCommands), None, None)
[debug] > Exec(addDefaultCommands, None, None)
[debug] > Exec(early(initialize), None, None)
[debug] > Exec(initialize, None, None)
[debug] > Exec(early(addPluginSbtFile="""C:\Users\josea\AppData\Local\Temp\idea.sbt"""), None, None)
[debug] > Exec(addPluginSbtFile="""C:\Users\josea\AppData\Local\Temp\idea.sbt""", None, None)
[debug] > Exec(boot, None, None)
[debug] > Exec(writeSbtVersion, None, None)
[debug] > Exec(reload, None, None)
[debug] > Exec(sbtStashOnFailure, None, None)
[debug] > Exec(onFailure loadFailed, None, None)
[debug] > Exec(loadp, None, None)
[info] welcome to sbt 1.6.2 (Eclipse Adoptium Java 11.0.27)
[debug] Load.defaultLoad until apply took 324.0991ms
[debug]           Load.loadUnit: plugins took 80.1945ms
[debug]           Load.loadUnit: defsScala took 0.2242ms
[debug] [Loading] Scanning directory C:\Users\josea\OneDrive\Desktop\REU Project Working\Chisel-for-Fundamental-IC\project
[debug]             Load.loadUnit: mkEval took 6.4955ms
[debug] [Loading] Found non-root projects 
[debug] [Loading] Done in C:\Users\josea\OneDrive\Desktop\REU Project Working\Chisel-for-Fundamental-IC\project, returning: ()
[debug] deducing auto plugins based on known facts Set(Atom(sbt.plugins.CorePlugin)) and clauses Clauses(Clause(Atom(sbt.plugins.JvmPlugin),Set(Atom(sbt.plugins.IvyPlugin)))
[debug] Clause(Atom(sbt.ScriptedPlugin),Set(Atom(sbt.plugins.JvmPlugin)))
[debug] Clause(Atom(sbt.plugins.SbtPlugin),Set(Atom(sbt.ScriptedPlugin)))
[debug] Clause(Atom(sbt.plugins.SemanticdbPlugin),Set(Atom(sbt.plugins.JvmPlugin)))
[debug] Clause(Atom(sbt.plugins.JUnitXmlReportPlugin),Set(Atom(sbt.plugins.JvmPlugin)))
[debug] Clause(Atom(sbt.plugins.MiniDependencyTreePlugin),Set(Atom(sbt.plugins.JvmPlugin)))
[debug] Clause(Atom(sbt.plugins.CorePlugin),Set(Atom(sbt.plugins.IvyPlugin)))
[debug] Clause(Atom(sbt.plugins.IvyPlugin),Set(Atom(sbt.plugins.JvmPlugin)))
[debug] Clause(Atom(sbt.plugins.JvmPlugin),Set(Atom(sbt.plugins.SemanticdbPlugin)))
[debug] Clause(Atom(sbt.plugins.JvmPlugin),Set(Atom(sbt.plugins.JUnitXmlReportPlugin)))
[debug] Clause(Atom(sbt.plugins.CorePlugin),Set(Atom(sbt.plugins.Giter8TemplatePlugin)))
[debug] Clause(Atom(sbt.plugins.JvmPlugin),Set(Atom(sbt.plugins.MiniDependencyTreePlugin))))
[debug]   :: deduced result: Matched(sbt.plugins.CorePlugin,sbt.plugins.Giter8TemplatePlugin,sbt.plugins.IvyPlugin,sbt.plugins.JvmPlugin,sbt.plugins.MiniDependencyTreePlugin,sbt.plugins.JUnitXmlReportPlugin,sbt.plugins.SemanticdbPlugin)
[debug] Plugins.deducer#function took 10.2642 ms
[info] loading settings for project chisel-for-fundamental-ic-build from idea.sbt ...
[debug]               Load.resolveProject(chisel-for-fundamental-ic-build) took 35.7196ms
[debug]             Load.loadTransitive: finalizeProject(Project(id chisel-for-fundamental-ic-build, base: C:\Users\josea\OneDrive\Desktop\REU Project Working\Chisel-for-Fundamental-IC\project, plugins: List(<none>))) took 63.3318ms
[debug] [Loading] Done in C:\Users\josea\OneDrive\Desktop\REU Project Working\Chisel-for-Fundamental-IC\project, returning: (chisel-for-fundamental-ic-build)
[debug]           Load.loadUnit: loadedProjectsRaw took 262.9938ms
[debug]           Load.loadUnit: cleanEvalClasses took 5.0611ms
[debug]         Load.loadUnit(file:/C:/Users/josea/OneDrive/Desktop/REU%20Project%20Working/Chisel-for-Fundamental-IC/project/, ...) took 352.3601ms
[debug]       Load.apply: load took 459.3325ms
[debug]       Load.apply: resolveProjects took 3.4857ms
[debug]       Load.apply: finalTransforms took 38.9759ms
[debug]       Load.apply: config.delegates took 7.73ms
[debug]       Load.apply: Def.make(settings)... took 449.8586ms
[debug]       Load.apply: structureIndex took 113.8715ms
[debug]       Load.apply: mkStreams took 4.0813ms
[info] loading project definition from C:\Users\josea\OneDrive\Desktop\REU Project Working\Chisel-for-Fundamental-IC\project
[debug] Running task... Cancel: Signal, check cycles: false, forcegc: true
[debug]     Load.loadUnit: plugins took 3444.3638ms
[debug]     Load.loadUnit: defsScala took 0.0037ms
[debug] [Loading] Scanning directory C:\Users\josea\OneDrive\Desktop\REU Project Working\Chisel-for-Fundamental-IC
[debug]       Load.loadUnit: mkEval took 0.3146ms
[debug] [Loading] Found root project root w/ remaining 
[debug] deducing auto plugins based on known facts Set(Atom(sbt.plugins.CorePlugin)) and clauses Clauses(Clause(Atom(sbt.plugins.JvmPlugin),Set(Atom(sbt.plugins.IvyPlugin)))
[debug] Clause(Atom(sbt.ScriptedPlugin),Set(Atom(sbt.plugins.JvmPlugin)))
[debug] Clause(Atom(sbt.plugins.SbtPlugin),Set(Atom(sbt.ScriptedPlugin)))
[debug] Clause(Atom(sbt.plugins.SemanticdbPlugin),Set(Atom(sbt.plugins.JvmPlugin)))
[debug] Clause(Atom(sbt.plugins.JUnitXmlReportPlugin),Set(Atom(sbt.plugins.JvmPlugin)))
[debug] Clause(Atom(sbt.plugins.MiniDependencyTreePlugin),Set(Atom(sbt.plugins.JvmPlugin)))
[debug] Clause(Atom(org.jetbrains.sbt.GenerateAllManagedSourcesPlugin),Set(Atom(sbt.plugins.JvmPlugin)))
[debug] Clause(Atom(org.jetbrains.sbt.StructurePlugin),Set(Atom(sbt.plugins.JvmPlugin)))
[debug] Clause(Atom(org.jetbrains.sbt.IdeaShellPlugin),Set(Atom(sbt.plugins.JvmPlugin)))
[debug] Clause(Atom(sbt.plugins.CorePlugin),Set(Atom(sbt.plugins.IvyPlugin)))
[debug] Clause(Atom(sbt.plugins.IvyPlugin),Set(Atom(sbt.plugins.JvmPlugin)))
[debug] Clause(Atom(sbt.plugins.JvmPlugin),Set(Atom(sbt.plugins.SemanticdbPlugin)))
[debug] Clause(Atom(sbt.plugins.JvmPlugin),Set(Atom(sbt.plugins.JUnitXmlReportPlugin)))
[debug] Clause(Atom(sbt.plugins.CorePlugin),Set(Atom(sbt.plugins.Giter8TemplatePlugin)))
[debug] Clause(Atom(sbt.plugins.JvmPlugin),Set(Atom(sbt.plugins.MiniDependencyTreePlugin)))
[debug] Clause(Atom(sbt.plugins.JvmPlugin),Set(Atom(org.jetbrains.sbt.GenerateAllManagedSourcesPlugin)))
[debug] Clause(Atom(sbt.plugins.JvmPlugin),Set(Atom(org.jetbrains.sbt.StructurePlugin)))
[debug] Clause(Atom(sbt.plugins.JvmPlugin),Set(Atom(org.jetbrains.sbt.IdeaShellPlugin))))
[debug]   :: deduced result: Matched(sbt.plugins.CorePlugin,sbt.plugins.Giter8TemplatePlugin,sbt.plugins.IvyPlugin,sbt.plugins.JvmPlugin,org.jetbrains.sbt.GenerateAllManagedSourcesPlugin,sbt.plugins.SemanticdbPlugin,sbt.plugins.JUnitXmlReportPlugin,org.jetbrains.sbt.IdeaShellPlugin,org.jetbrains.sbt.StructurePlugin,sbt.plugins.MiniDependencyTreePlugin)
[debug] Plugins.deducer#function took 1.8944 ms
[info] loading settings for project root from build.sbt ...
[debug]         Load.resolveProject(root) took 29.1392ms
[debug]       Load.loadTransitive: finalizeProject(Project(id root, base: C:\Users\josea\OneDrive\Desktop\REU Project Working\Chisel-for-Fundamental-IC, plugins: List(<none>))) took 32.1298ms
[debug] [Loading] Done in C:\Users\josea\OneDrive\Desktop\REU Project Working\Chisel-for-Fundamental-IC, returning: (root)
[debug]     Load.loadUnit: loadedProjectsRaw took 2447.9525ms
[debug]     Load.loadUnit: cleanEvalClasses took 10.4136ms
[debug]   Load.loadUnit(file:/C:/Users/josea/OneDrive/Desktop/REU%20Project%20Working/Chisel-for-Fundamental-IC/, ...) took 5904.1129ms
[debug] Load.apply: load took 5917.7125ms
[debug] Load.apply: resolveProjects took 0.156ms
[debug] Load.apply: finalTransforms took 42.3727ms
[debug] Load.apply: config.delegates took 0.3564ms
[debug] Load.apply: Def.make(settings)... took 80.6534ms
[debug] Load.apply: structureIndex took 21.8507ms
[debug] Load.apply: mkStreams took 0.0038ms
[info] set current project to Fundamental-IC-ChiselHCL (in build file:/C:/Users/josea/OneDrive/Desktop/REU%20Project%20Working/Chisel-for-Fundamental-IC/)
[debug] > Exec(sbtPopOnFailure, None, None)
[debug] > Exec(resumeFromFailure, None, None)
[debug] > Exec(notifyUsersAboutShell, None, None)
[debug] > Exec(iflast shell, None, None)
[debug] > Exec(idea-shell, None, None)
