[debug] > Exec(early(addDefaultCommands), None, None)
[debug] > Exec(addDefaultCommands, None, None)
[debug] > Exec(early(initialize), None, None)
[debug] > Exec(initialize, None, None)
[debug] > Exec(early(addPluginSbtFile="""C:\Users\josea\AppData\Local\Temp\idea.sbt"""), None, None)
[debug] > Exec(addPluginSbtFile="""C:\Users\josea\AppData\Local\Temp\idea.sbt""", None, None)
[debug] > Exec(boot, None, None)
[debug] > Exec(writeSbtVersion, None, None)
[debug] > Exec(reload, None, None)
[debug] > Exec(sbtStashOnFailure, None, None)
[debug] > Exec(onFailure loadFailed, None, None)
[debug] > Exec(loadp, None, None)
[info] welcome to sbt 1.6.2 (Eclipse Adoptium Java 11.0.27)
[debug] Load.defaultLoad until apply took 292.9344ms
[debug]           Load.loadUnit: plugins took 71.1538ms
[debug]           Load.loadUnit: defsScala took 0.1887ms
[debug] [Loading] Scanning directory C:\Users\josea\OneDrive\Desktop\REU Project Working\Chisel-for-Fundamental-IC\project
[debug]             Load.loadUnit: mkEval took 4.7299ms
[debug] [Loading] Found non-root projects 
[debug] [Loading] Done in C:\Users\josea\OneDrive\Desktop\REU Project Working\Chisel-for-Fundamental-IC\project, returning: ()
[debug] deducing auto plugins based on known facts Set(Atom(sbt.plugins.CorePlugin)) and clauses Clauses(Clause(Atom(sbt.plugins.JvmPlugin),Set(Atom(sbt.plugins.IvyPlugin)))
[debug] Clause(Atom(sbt.ScriptedPlugin),Set(Atom(sbt.plugins.JvmPlugin)))
[debug] Clause(Atom(sbt.plugins.SbtPlugin),Set(Atom(sbt.ScriptedPlugin)))
[debug] Clause(Atom(sbt.plugins.SemanticdbPlugin),Set(Atom(sbt.plugins.JvmPlugin)))
[debug] Clause(Atom(sbt.plugins.JUnitXmlReportPlugin),Set(Atom(sbt.plugins.JvmPlugin)))
[debug] Clause(Atom(sbt.plugins.MiniDependencyTreePlugin),Set(Atom(sbt.plugins.JvmPlugin)))
[debug] Clause(Atom(sbt.plugins.CorePlugin),Set(Atom(sbt.plugins.IvyPlugin)))
[debug] Clause(Atom(sbt.plugins.IvyPlugin),Set(Atom(sbt.plugins.JvmPlugin)))
[debug] Clause(Atom(sbt.plugins.JvmPlugin),Set(Atom(sbt.plugins.SemanticdbPlugin)))
[debug] Clause(Atom(sbt.plugins.JvmPlugin),Set(Atom(sbt.plugins.JUnitXmlReportPlugin)))
[debug] Clause(Atom(sbt.plugins.CorePlugin),Set(Atom(sbt.plugins.Giter8TemplatePlugin)))
[debug] Clause(Atom(sbt.plugins.JvmPlugin),Set(Atom(sbt.plugins.MiniDependencyTreePlugin))))
[debug]   :: deduced result: Matched(sbt.plugins.CorePlugin,sbt.plugins.Giter8TemplatePlugin,sbt.plugins.IvyPlugin,sbt.plugins.JvmPlugin,sbt.plugins.MiniDependencyTreePlugin,sbt.plugins.JUnitXmlReportPlugin,sbt.plugins.SemanticdbPlugin)
[debug] Plugins.deducer#function took 9.6081 ms
[info] loading settings for project chisel-for-fundamental-ic-build from idea.sbt ...
[debug]               Load.resolveProject(chisel-for-fundamental-ic-build) took 38.2863ms
[debug]             Load.loadTransitive: finalizeProject(Project(id chisel-for-fundamental-ic-build, base: C:\Users\josea\OneDrive\Desktop\REU Project Working\Chisel-for-Fundamental-IC\project, plugins: List(<none>))) took 63.7747ms
[debug] [Loading] Done in C:\Users\josea\OneDrive\Desktop\REU Project Working\Chisel-for-Fundamental-IC\project, returning: (chisel-for-fundamental-ic-build)
[debug]           Load.loadUnit: loadedProjectsRaw took 263.4387ms
[debug]           Load.loadUnit: cleanEvalClasses took 5.7898ms
[debug]         Load.loadUnit(file:/C:/Users/josea/OneDrive/Desktop/REU%20Project%20Working/Chisel-for-Fundamental-IC/project/, ...) took 344.9056ms
[debug]       Load.apply: load took 451.7912ms
[debug]       Load.apply: resolveProjects took 3.0274ms
[debug]       Load.apply: finalTransforms took 40.2419ms
[debug]       Load.apply: config.delegates took 10.8356ms
[debug]       Load.apply: Def.make(settings)... took 437.0417ms
[debug]       Load.apply: structureIndex took 97.9043ms
[debug]       Load.apply: mkStreams took 3.6435ms
[info] loading project definition from C:\Users\josea\OneDrive\Desktop\REU Project Working\Chisel-for-Fundamental-IC\project
[debug] Running task... Cancel: Signal, check cycles: false, forcegc: true
[debug]     Load.loadUnit: plugins took 2990.4185ms
[debug]     Load.loadUnit: defsScala took 0.0027ms
[debug] [Loading] Scanning directory C:\Users\josea\OneDrive\Desktop\REU Project Working\Chisel-for-Fundamental-IC
[debug]       Load.loadUnit: mkEval took 0.2514ms
[debug] [Loading] Found root project root w/ remaining 
[debug] deducing auto plugins based on known facts Set(Atom(sbt.plugins.CorePlugin)) and clauses Clauses(Clause(Atom(sbt.plugins.JvmPlugin),Set(Atom(sbt.plugins.IvyPlugin)))
[debug] Clause(Atom(sbt.ScriptedPlugin),Set(Atom(sbt.plugins.JvmPlugin)))
[debug] Clause(Atom(sbt.plugins.SbtPlugin),Set(Atom(sbt.ScriptedPlugin)))
[debug] Clause(Atom(sbt.plugins.SemanticdbPlugin),Set(Atom(sbt.plugins.JvmPlugin)))
[debug] Clause(Atom(sbt.plugins.JUnitXmlReportPlugin),Set(Atom(sbt.plugins.JvmPlugin)))
[debug] Clause(Atom(sbt.plugins.MiniDependencyTreePlugin),Set(Atom(sbt.plugins.JvmPlugin)))
[debug] Clause(Atom(org.jetbrains.sbt.GenerateAllManagedSourcesPlugin),Set(Atom(sbt.plugins.JvmPlugin)))
[debug] Clause(Atom(org.jetbrains.sbt.StructurePlugin),Set(Atom(sbt.plugins.JvmPlugin)))
[debug] Clause(Atom(org.jetbrains.sbt.IdeaShellPlugin),Set(Atom(sbt.plugins.JvmPlugin)))
[debug] Clause(Atom(sbt.plugins.CorePlugin),Set(Atom(sbt.plugins.IvyPlugin)))
[debug] Clause(Atom(sbt.plugins.IvyPlugin),Set(Atom(sbt.plugins.JvmPlugin)))
[debug] Clause(Atom(sbt.plugins.JvmPlugin),Set(Atom(sbt.plugins.SemanticdbPlugin)))
[debug] Clause(Atom(sbt.plugins.JvmPlugin),Set(Atom(sbt.plugins.JUnitXmlReportPlugin)))
[debug] Clause(Atom(sbt.plugins.CorePlugin),Set(Atom(sbt.plugins.Giter8TemplatePlugin)))
[debug] Clause(Atom(sbt.plugins.JvmPlugin),Set(Atom(sbt.plugins.MiniDependencyTreePlugin)))
[debug] Clause(Atom(sbt.plugins.JvmPlugin),Set(Atom(org.jetbrains.sbt.GenerateAllManagedSourcesPlugin)))
[debug] Clause(Atom(sbt.plugins.JvmPlugin),Set(Atom(org.jetbrains.sbt.StructurePlugin)))
[debug] Clause(Atom(sbt.plugins.JvmPlugin),Set(Atom(org.jetbrains.sbt.IdeaShellPlugin))))
[debug]   :: deduced result: Matched(sbt.plugins.CorePlugin,sbt.plugins.Giter8TemplatePlugin,sbt.plugins.IvyPlugin,sbt.plugins.JvmPlugin,org.jetbrains.sbt.GenerateAllManagedSourcesPlugin,sbt.plugins.SemanticdbPlugin,sbt.plugins.JUnitXmlReportPlugin,org.jetbrains.sbt.IdeaShellPlugin,org.jetbrains.sbt.StructurePlugin,sbt.plugins.MiniDependencyTreePlugin)
[debug] Plugins.deducer#function took 2.4042 ms
[info] loading settings for project root from build.sbt ...
[debug]         Load.resolveProject(root) took 23.5129ms
[debug]       Load.loadTransitive: finalizeProject(Project(id root, base: C:\Users\josea\OneDrive\Desktop\REU Project Working\Chisel-for-Fundamental-IC, plugins: List(<none>))) took 26.9207ms
[debug] [Loading] Done in C:\Users\josea\OneDrive\Desktop\REU Project Working\Chisel-for-Fundamental-IC, returning: (root)
[debug]     Load.loadUnit: loadedProjectsRaw took 2088.5803ms
[debug]     Load.loadUnit: cleanEvalClasses took 8.9838ms
[debug]   Load.loadUnit(file:/C:/Users/josea/OneDrive/Desktop/REU%20Project%20Working/Chisel-for-Fundamental-IC/, ...) took 5089.2395ms
[debug] Load.apply: load took 5105.8361ms
[debug] Load.apply: resolveProjects took 0.1052ms
[debug] Load.apply: finalTransforms took 29.6249ms
[debug] Load.apply: config.delegates took 0.3685ms
[debug] Load.apply: Def.make(settings)... took 79.9034ms
[debug] Load.apply: structureIndex took 23.6408ms
[debug] Load.apply: mkStreams took 0.0042ms
[info] set current project to Fundamental-IC-ChiselHCL (in build file:/C:/Users/josea/OneDrive/Desktop/REU%20Project%20Working/Chisel-for-Fundamental-IC/)
[debug] > Exec(sbtPopOnFailure, None, None)
[debug] > Exec(resumeFromFailure, None, None)
[debug] > Exec(notifyUsersAboutShell, None, None)
[debug] > Exec(iflast shell, None, None)
[debug] > Exec(idea-shell, None, None)
